SF:lib\src\data_object_list.dart
DA:71,1
DA:74,1
DA:76,1
DA:78,4
DA:79,7
LF:5
LH:5
end_of_record
SF:lib\src\waterloo_future_drop_down_list.dart
DA:26,1
DA:27,1
DA:29,1
DA:31,1
DA:32,2
DA:33,1
DA:34,1
DA:35,5
DA:37,1
DA:38,1
LF:10
LH:10
end_of_record
SF:lib\src\data_object_change_notifier.dart
DA:22,1
DA:24,1
DA:26,1
DA:29,1
DA:32,3
DA:33,3
DA:34,4
DA:35,1
DA:38,1
DA:42,1
DA:44,1
DA:45,1
DA:46,1
DA:47,2
DA:58,1
DA:59,2
DA:60,1
LF:17
LH:17
end_of_record
SF:lib\src\data_object_currency_field.dart
DA:26,1
DA:33,1
DA:35,1
DA:37,1
DA:38,1
DA:39,1
DA:40,3
DA:42,3
DA:43,1
DA:44,1
DA:45,4
DA:48,1
LF:12
LH:12
end_of_record
SF:lib\src\data_object_text_field.dart
DA:48,1
DA:56,1
DA:58,1
DA:60,1
DA:61,1
DA:62,1
DA:63,3
DA:65,1
DA:66,3
DA:67,1
DA:68,1
DA:69,1
DA:70,4
DA:71,2
LF:14
LH:14
end_of_record
SF:lib\src\data_object_date_field.dart
DA:33,1
DA:39,1
DA:41,1
DA:43,1
DA:44,1
DA:45,1
DA:46,1
DA:47,4
DA:49,1
DA:50,2
DA:51,4
DA:53,4
DA:54,1
DA:55,1
LF:14
LH:14
end_of_record
SF:lib\src\data_object_drop_down_list.dart
DA:22,1
DA:28,1
DA:30,1
DA:32,1
DA:33,1
DA:34,1
DA:35,3
DA:37,3
DA:38,1
LF:9
LH:9
end_of_record
SF:lib\src\waterloo_drop_down_list.dart
DA:29,2
DA:31,1
DA:32,1
DA:42,1
DA:44,3
DA:45,1
DA:48,1
DA:50,3
DA:51,3
DA:52,2
DA:56,2
DA:57,1
DA:58,1
DA:59,2
DA:60,1
DA:63,1
DA:64,3
DA:65,1
DA:66,1
DA:67,3
DA:69,1
DA:70,2
DA:71,2
DA:72,4
DA:75,1
DA:76,1
DA:77,3
DA:78,2
DA:79,1
DA:80,1
DA:81,2
DA:82,2
DA:83,1
DA:84,1
DA:108,1
LF:35
LH:35
end_of_record
SF:lib\src\data_object_integer_field.dart
DA:33,1
DA:41,1
DA:43,1
DA:45,1
DA:46,1
DA:47,1
DA:48,1
DA:49,1
DA:50,1
DA:51,4
DA:54,7
DA:55,1
DA:56,1
DA:60,1
DA:61,4
LF:15
LH:15
end_of_record
SF:lib\src\data_object_radio_list.dart
DA:20,1
DA:26,1
DA:28,1
DA:30,1
DA:32,1
DA:33,1
DA:34,1
DA:35,3
DA:37,3
DA:38,1
LF:10
LH:10
end_of_record
SF:lib\src\data_object_switch_tile.dart
DA:18,1
DA:19,1
DA:21,1
DA:23,1
DA:24,1
DA:25,3
DA:26,1
DA:27,3
LF:8
LH:8
end_of_record
SF:lib\src\data_object_view.dart
DA:26,2
DA:28,1
DA:30,3
DA:31,2
DA:34,1
DA:37,2
DA:39,1
DA:46,1
DA:47,4
DA:49,1
DA:50,1
DA:52,1
DA:54,1
DA:55,8
DA:56,1
DA:58,1
DA:59,3
DA:60,4
DA:62,1
DA:65,1
DA:66,3
DA:67,4
DA:69,1
DA:72,1
DA:73,2
DA:77,1
DA:93,1
LF:27
LH:27
end_of_record
SF:lib\src\waterloo_currency_field.dart
DA:32,2
DA:40,1
DA:42,1
DA:43,1
DA:45,1
DA:51,1
DA:53,1
DA:56,1
DA:58,3
DA:59,3
DA:62,1
DA:63,2
DA:64,2
DA:65,2
DA:66,3
DA:67,1
DA:68,1
DA:69,1
DA:70,3
DA:73,1
DA:74,1
DA:75,2
DA:92,1
LF:23
LH:23
end_of_record
SF:lib\src\waterloo_date_field.dart
DA:61,2
DA:71,1
DA:73,1
DA:74,1
DA:76,1
DA:84,1
DA:86,3
DA:87,1
DA:90,1
DA:92,2
DA:93,1
DA:95,2
DA:96,5
DA:99,2
DA:100,1
DA:101,1
DA:102,2
DA:104,2
DA:105,2
DA:106,3
DA:107,1
DA:108,1
DA:109,2
DA:110,4
DA:113,1
DA:114,1
DA:115,2
DA:118,2
DA:119,1
DA:120,3
DA:121,1
DA:122,1
DA:123,3
DA:125,1
DA:126,1
DA:128,2
DA:130,7
DA:131,7
DA:133,2
DA:135,2
DA:136,3
DA:137,1
DA:171,1
LF:43
LH:43
end_of_record
SF:lib\src\waterloo_grid_layout_constraints.dart
DA:16,1
DA:18,1
DA:19,4
DA:32,1
DA:43,1
DA:52,3
DA:55,3
DA:56,2
DA:59,3
DA:62,3
DA:67,1
DA:68,1
DA:69,1
DA:71,2
DA:72,1
DA:75,6
DA:76,1
DA:77,3
DA:78,2
DA:80,1
DA:83,1
DA:85,2
DA:86,1
DA:87,1
DA:90,6
DA:91,1
DA:92,3
DA:93,2
DA:95,1
LF:29
LH:29
end_of_record
SF:lib\src\waterloo_radio_button_list.dart
DA:24,2
DA:26,1
DA:27,1
DA:36,1
DA:38,3
DA:39,1
DA:42,1
DA:44,1
DA:45,6
DA:47,3
DA:48,2
DA:49,2
DA:50,1
DA:51,1
DA:52,1
DA:53,2
DA:54,1
DA:55,3
DA:61,1
LF:19
LH:19
end_of_record
SF:lib\src\waterloo_switch_tile.dart
DA:28,1
DA:33,1
DA:35,1
DA:36,1
DA:42,1
DA:44,3
DA:45,1
DA:48,1
DA:50,2
DA:51,5
DA:52,1
DA:53,3
DA:54,1
DA:55,1
DA:56,1
DA:58,1
DA:59,5
DA:60,1
DA:61,1
DA:62,2
DA:63,1
DA:64,3
DA:73,1
DA:84,1
LF:24
LH:24
end_of_record
SF:lib\src\waterloo_text_button.dart
DA:22,1
DA:23,1
DA:25,1
DA:27,1
DA:28,4
DA:29,1
DA:31,3
DA:33,2
LF:8
LH:8
end_of_record
SF:lib\src\waterloo_text_field.dart
DA:55,1
DA:65,1
DA:69,1
DA:71,1
DA:73,1
DA:75,1
DA:77,1
DA:78,3
DA:79,1
DA:81,1
DA:83,1
DA:85,7
DA:86,3
DA:87,3
DA:88,1
DA:92,1
DA:94,1
DA:102,1
LF:18
LH:18
end_of_record
SF:lib\alpha\data_object_form.dart
DA:19,0
DA:30,0
DA:32,0
DA:35,0
DA:36,0
DA:37,0
DA:38,0
DA:39,0
DA:40,0
DA:41,0
DA:42,0
DA:43,0
DA:45,0
DA:55,1
LF:14
LH:1
end_of_record
SF:lib\beta\waterloo_grid_form.dart
DA:36,0
DA:55,0
DA:57,0
DA:59,0
DA:60,0
DA:62,0
DA:63,0
DA:64,0
DA:65,0
DA:67,0
DA:69,0
DA:70,0
DA:71,0
DA:72,0
DA:73,0
DA:74,0
DA:75,0
DA:76,0
DA:77,0
DA:78,0
DA:79,0
DA:80,0
DA:81,0
DA:82,0
DA:83,0
DA:86,0
DA:89,0
DA:92,0
DA:98,0
DA:100,0
DA:102,0
DA:103,0
DA:104,0
DA:105,0
DA:106,0
DA:108,0
DA:109,0
DA:112,0
DA:117,0
DA:119,0
DA:124,0
DA:131,0
DA:133,0
DA:135,0
DA:138,0
LF:45
LH:0
end_of_record
SF:lib\beta\waterloo_grid.dart
DA:28,0
DA:39,0
DA:41,0
DA:43,0
DA:44,0
DA:45,0
DA:46,0
DA:47,0
DA:48,0
DA:49,0
DA:50,0
DA:51,0
DA:54,0
DA:56,0
DA:58,0
DA:59,0
DA:61,0
DA:64,0
DA:66,0
DA:67,0
DA:76,0
DA:77,0
DA:78,0
DA:79,0
DA:80,0
DA:84,0
DA:85,0
DA:86,0
DA:87,0
DA:88,0
DA:91,0
DA:94,0
DA:96,0
DA:100,0
DA:101,0
DA:102,0
DA:103,0
DA:104,0
DA:106,0
DA:107,0
DA:108,0
DA:112,0
DA:113,0
DA:114,0
DA:115,0
DA:118,0
DA:121,0
DA:123,0
DA:127,0
DA:128,0
DA:129,0
DA:130,0
DA:131,0
DA:134,0
DA:135,0
DA:136,0
DA:137,0
DA:140,0
DA:143,0
DA:145,0
DA:149,0
DA:150,0
DA:151,0
DA:152,0
DA:153,0
DA:156,0
DA:158,0
DA:161,0
DA:162,0
DA:165,0
DA:166,0
DA:167,0
DA:168,0
DA:169,0
DA:170,0
DA:173,0
DA:176,0
DA:178,0
DA:182,0
DA:183,0
DA:184,0
DA:185,0
DA:186,0
DA:189,0
DA:191,0
DA:194,0
DA:195,0
DA:197,0
DA:198,0
DA:199,0
DA:200,0
DA:203,0
DA:205,0
DA:208,0
DA:209,0
DA:213,0
DA:215,0
DA:216,0
DA:219,0
DA:222,0
DA:224,0
DA:228,0
DA:232,0
DA:235,0
DA:236,0
DA:238,0
DA:253,0
DA:259,0
DA:261,0
DA:263,0
DA:264,0
DA:269,1
DA:272,0
DA:273,0
DA:274,0
DA:286,0
DA:292,0
DA:294,0
DA:296,0
DA:298,0
DA:316,1
LF:121
LH:2
end_of_record
SF:lib\beta\waterloo_event_handler.dart
DA:17,0
DA:19,0
DA:20,0
DA:21,0
DA:23,0
DA:25,0
DA:26,0
DA:29,0
DA:31,0
DA:38,0
DA:40,0
DA:41,0
DA:51,1
DA:53,0
DA:54,0
DA:55,0
DA:58,0
DA:59,0
DA:60,0
DA:61,0
DA:62,0
DA:64,0
LF:22
LH:1
end_of_record
SF:lib\alpha\drop_target_list_view.dart
DA:28,0
DA:30,0
DA:32,0
DA:33,0
DA:34,0
DA:35,0
DA:36,0
DA:37,0
DA:38,0
DA:39,0
DA:40,0
DA:41,0
DA:42,0
DA:44,0
DA:45,0
DA:46,0
DA:47,0
DA:49,0
DA:53,0
DA:54,0
DA:56,0
DA:59,0
DA:61,0
DA:65,0
DA:66,0
DA:67,0
LF:26
LH:0
end_of_record
SF:lib\src\change_notifier_list.dart
DA:15,1
DA:18,2
DA:22,1
DA:23,2
DA:24,2
DA:27,2
DA:28,2
DA:30,2
DA:33,1
DA:39,1
DA:40,2
DA:41,2
DA:42,1
DA:49,1
DA:50,2
DA:51,2
DA:52,1
DA:55,1
DA:56,1
LF:19
LH:19
end_of_record
SF:lib\alpha\waterloo_vm.dart
DA:29,0
DA:30,0
DA:31,0
DA:32,0
DA:35,0
DA:40,0
DA:43,0
LF:7
LH:0
end_of_record
SF:lib\alpha\filtered_list.dart
DA:27,0
DA:29,0
DA:32,0
DA:35,0
DA:36,0
DA:37,0
DA:38,0
DA:39,0
DA:40,0
DA:41,0
DA:42,0
DA:43,0
DA:44,0
DA:47,0
DA:48,0
DA:49,0
DA:55,0
DA:56,0
DA:57,0
DA:60,0
DA:61,0
LF:21
LH:0
end_of_record
SF:lib\alpha\waterloo_animate_scale_opacity.dart
DA:11,0
DA:13,0
DA:15,0
DA:16,0
DA:24,0
DA:26,0
DA:27,0
DA:28,0
DA:31,0
DA:34,0
DA:35,0
DA:36,0
DA:37,0
DA:41,0
DA:42,0
DA:43,0
DA:44,0
DA:45,0
LF:18
LH:0
end_of_record
SF:lib\alpha\waterloo_percent_field.dart
DA:19,0
DA:26,0
DA:28,0
DA:29,0
DA:35,0
DA:37,0
DA:40,0
DA:43,0
DA:46,0
DA:48,0
DA:49,0
DA:50,0
DA:52,0
DA:53,0
DA:54,0
DA:55,0
DA:56,0
DA:57,0
DA:59,0
DA:60,0
DA:61,0
DA:64,0
DA:65,0
DA:67,0
DA:71,0
DA:72,0
DA:73,0
DA:74,0
DA:75,0
DA:76,0
DA:77,0
DA:81,0
DA:85,0
DA:87,0
DA:88,0
DA:91,0
DA:92,0
DA:93,0
DA:96,0
DA:102,0
DA:104,0
DA:108,0
DA:112,0
DA:113,0
DA:116,0
DA:117,0
DA:122,0
DA:123,0
DA:138,1
LF:49
LH:1
end_of_record
SF:lib\src\waterloo_theme.dart
DA:36,1
LF:1
LH:1
end_of_record
SF:lib\beta\data_object_list_manager.dart
DA:19,0
DA:27,0
DA:29,0
DA:30,0
DA:37,0
DA:39,0
DA:40,0
DA:41,0
DA:44,0
DA:46,0
DA:47,0
DA:48,0
DA:49,0
DA:51,0
DA:52,0
DA:53,0
DA:55,0
DA:56,0
DA:57,0
DA:58,0
DA:59,0
DA:62,0
DA:63,0
DA:64,0
DA:66,0
DA:67,0
DA:68,0
DA:71,0
DA:72,0
DA:73,0
DA:74,0
DA:75,0
DA:76,0
DA:77,0
DA:78,0
DA:79,0
DA:80,0
DA:81,0
DA:82,0
DA:84,0
DA:85,0
LF:41
LH:0
end_of_record
SF:lib\beta\data_object_widget_list.dart
DA:21,0
DA:24,0
DA:27,0
DA:28,0
DA:32,0
DA:33,0
DA:34,0
DA:36,0
DA:44,0
DA:45,0
DA:46,0
DA:48,0
DA:56,0
DA:57,0
DA:58,0
DA:60,0
DA:68,0
DA:69,0
DA:70,0
DA:72,0
DA:80,0
DA:82,0
DA:83,0
DA:85,0
DA:86,0
DA:87,0
DA:88,0
DA:89,0
DA:90,0
DA:98,0
DA:99,0
DA:100,0
DA:106,0
DA:107,0
DA:109,0
DA:110,0
DA:111,0
DA:112,0
DA:113,0
DA:122,0
LF:40
LH:0
end_of_record
SF:lib\beta\waterloo_grid_form_dialog.dart
DA:28,0
DA:43,0
DA:45,0
DA:47,0
DA:50,0
DA:52,0
DA:53,0
DA:59,0
DA:60,0
DA:61,0
DA:63,0
DA:64,0
DA:65,0
DA:66,0
DA:67,0
DA:68,0
DA:69,0
DA:70,0
DA:71,0
DA:76,0
DA:91,0
DA:93,0
DA:94,0
DA:110,0
DA:111,0
LF:25
LH:0
end_of_record
SF:lib\beta\data_object_table.dart
DA:20,0
DA:26,0
DA:28,0
DA:30,0
DA:31,0
DA:32,0
DA:33,0
DA:34,0
DA:35,0
DA:36,0
DA:38,0
DA:39,0
DA:42,0
DA:43,0
DA:44,0
DA:45,0
DA:46,0
DA:49,0
DA:53,0
DA:54,0
DA:57,0
DA:60,0
DA:61,0
DA:62,0
DA:63,0
DA:65,0
DA:76,1
DA:95,0
DA:104,0
DA:106,0
DA:108,0
DA:109,0
DA:111,0
DA:112,0
DA:113,0
DA:115,0
DA:116,0
DA:117,0
DA:118,0
DA:120,0
DA:126,0
DA:127,0
DA:128,0
DA:129,0
LF:44
LH:1
end_of_record
SF:lib\beta\data_object_relationship_field.dart
DA:12,0
DA:14,0
DA:16,0
DA:17,0
DA:18,0
DA:19,0
DA:20,0
DA:21,0
DA:22,0
DA:23,0
DA:24,0
DA:25,0
LF:12
LH:0
end_of_record
SF:lib\beta\data_object_widget.dart
DA:19,0
DA:21,0
DA:23,0
DA:24,0
DA:25,0
DA:26,0
DA:27,0
DA:31,0
DA:32,0
DA:33,0
DA:34,0
DA:36,0
DA:39,0
DA:40,0
DA:41,0
DA:42,0
DA:44,0
DA:47,0
DA:48,0
DA:49,0
DA:50,0
DA:51,0
DA:52,0
DA:53,0
DA:54,0
DA:58,0
DA:59,0
DA:60,0
DA:61,0
DA:62,0
DA:63,0
DA:67,0
DA:68,0
DA:69,0
DA:70,0
DA:71,0
DA:72,0
DA:76,0
DA:77,0
DA:82,0
DA:83,0
DA:84,0
DA:85,0
DA:86,0
DA:87,0
DA:88,0
DA:92,0
LF:47
LH:0
end_of_record
SF:lib\beta\markdown_viewer.dart
DA:10,0
DA:12,0
DA:14,0
DA:15,0
DA:18,0
DA:20,0
DA:21,0
DA:24,0
DA:25,0
DA:28,0
DA:29,0
DA:32,0
DA:33,0
DA:36,0
DA:37,0
DA:40,0
DA:41,0
DA:44,0
DA:45,0
DA:48,0
DA:49,0
DA:53,0
DA:58,0
DA:69,0
DA:71,0
DA:72,0
DA:82,0
DA:83,0
DA:86,0
DA:87,0
DA:88,0
DA:89,0
DA:90,0
DA:95,0
DA:97,0
DA:98,0
DA:101,0
DA:103,0
DA:105,0
DA:106,0
DA:107,0
DA:108,0
DA:109,0
DA:110,0
DA:113,0
DA:120,0
DA:121,0
DA:122,0
DA:126,0
DA:127,0
DA:130,0
DA:131,0
DA:133,0
DA:134,0
DA:135,0
DA:139,0
DA:140,0
DA:142,0
DA:143,0
DA:144,0
DA:148,0
DA:149,0
DA:151,0
DA:152,0
DA:153,0
DA:157,0
DA:158,0
DA:160,0
DA:161,0
DA:162,0
DA:166,0
DA:167,0
DA:169,0
DA:170,0
DA:171,0
DA:175,0
DA:176,0
DA:178,0
DA:179,0
DA:180,0
DA:184,0
DA:185,0
DA:186,0
DA:187,0
DA:189,0
DA:190,0
DA:195,0
DA:196,0
DA:197,0
DA:201,0
DA:202,0
DA:204,0
DA:205,0
DA:206,0
DA:208,0
DA:210,0
DA:216,0
DA:217,0
DA:221,0
DA:227,0
DA:228,0
DA:229,0
DA:231,0
DA:234,0
DA:236,0
DA:237,0
DA:243,0
DA:244,0
DA:245,0
DA:246,0
DA:247,0
DA:250,0
DA:252,0
DA:253,0
DA:254,0
DA:255,0
DA:256,0
DA:258,0
DA:261,0
DA:263,0
DA:267,0
DA:271,0
DA:272,0
DA:276,0
DA:277,0
DA:278,0
DA:279,0
DA:280,0
DA:281,0
DA:282,0
DA:285,0
DA:286,0
DA:287,0
DA:288,0
DA:294,0
DA:295,0
DA:296,0
DA:299,0
DA:304,0
DA:307,0
DA:309,0
DA:311,0
DA:314,0
DA:315,0
DA:316,0
DA:317,0
DA:318,0
DA:320,0
DA:321,0
DA:322,0
DA:327,0
DA:329,0
DA:330,0
DA:331,0
DA:336,0
DA:337,0
DA:339,0
DA:340,0
DA:341,0
DA:342,0
DA:344,0
DA:345,0
DA:346,0
DA:347,0
DA:357,1
DA:359,0
DA:360,0
DA:364,0
DA:368,0
DA:372,0
DA:376,0
DA:380,0
DA:384,0
DA:388,0
DA:392,0
DA:396,0
DA:403,0
DA:404,0
DA:408,0
DA:412,0
DA:416,0
DA:429,0
DA:431,0
DA:433,0
DA:434,0
DA:437,0
DA:439,0
DA:440,0
DA:443,0
DA:444,0
DA:448,0
DA:449,0
DA:452,0
DA:453,0
DA:456,0
DA:457,0
DA:460,0
DA:461,0
DA:464,0
DA:465,0
DA:468,0
DA:469,0
DA:472,0
DA:473,0
DA:477,0
DA:482,0
DA:483,0
DA:489,0
DA:490,0
DA:491,0
DA:492,0
DA:494,0
DA:495,0
DA:496,0
DA:498,0
DA:504,0
DA:507,0
DA:508,0
DA:510,0
DA:512,0
DA:513,0
DA:514,0
DA:515,0
DA:516,0
DA:518,0
DA:519,0
DA:520,0
DA:521,0
DA:523,0
DA:524,0
LF:230
LH:1
end_of_record
SF:lib\beta\text.dart
DA:6,0
DA:8,0
DA:10,0
DA:11,0
DA:12,0
DA:20,0
DA:22,0
DA:24,0
DA:25,0
DA:26,0
LF:10
LH:0
end_of_record
SF:lib\beta\waterloo_app_bar.dart
DA:8,0
DA:9,0
DA:10,0
DA:11,0
DA:14,0
DA:15,0
DA:17,0
DA:21,0
DA:23,0
DA:24,0
DA:25,0
DA:26,0
DA:30,0
DA:31,0
DA:32,0
DA:33,0
DA:46,1
LF:17
LH:1
end_of_record
SF:lib\beta\waterloo_journey_scaffold.dart
DA:14,0
DA:16,0
DA:18,0
DA:20,0
DA:21,0
DA:22,0
DA:24,0
DA:25,0
DA:26,0
DA:27,0
DA:30,0
DA:31,0
DA:32,0
DA:33,0
DA:34,0
DA:35,0
DA:36,0
DA:47,1
LF:18
LH:1
end_of_record
SF:lib\src\waterloo_form_message.dart
DA:22,2
DA:24,1
DA:26,1
DA:27,1
DA:28,2
DA:29,2
DA:30,3
DA:32,4
DA:33,3
DA:34,3
DA:46,1
DA:47,1
DA:48,1
DA:51,2
DA:59,1
LF:15
LH:15
end_of_record
